0 info it worked if it ends with ok
1 verbose cli [ '/usr/local/bin/node',
1 verbose cli   '/usr/local/bin/npm',
1 verbose cli   'install',
1 verbose cli   'hiredis',
1 verbose cli   'redis' ]
2 info using npm@1.2.32
3 info using node@v0.10.12
4 verbose read json /home/michaelb/dev/node/blogexample/my-project/package.json
5 warn package.json application-name@0.0.1 No repository field.
6 verbose read json /home/michaelb/dev/node/blogexample/my-project/node_modules/express/package.json
7 verbose read json /home/michaelb/dev/node/blogexample/my-project/node_modules/jade/package.json
8 verbose read json /home/michaelb/dev/node/blogexample/my-project/node_modules/node_modules.iml/package.json
9 verbose read json /home/michaelb/dev/node/blogexample/my-project/node_modules/redis/package.json
10 verbose from cache /home/michaelb/dev/node/blogexample/my-project/package.json
11 verbose readDependencies using package.json deps
12 verbose cache add [ 'hiredis', null ]
13 verbose cache add name=undefined spec="hiredis" args=["hiredis",null]
14 verbose parsed url { protocol: null,
14 verbose parsed url   slashes: null,
14 verbose parsed url   auth: null,
14 verbose parsed url   host: null,
14 verbose parsed url   port: null,
14 verbose parsed url   hostname: null,
14 verbose parsed url   hash: null,
14 verbose parsed url   search: null,
14 verbose parsed url   query: null,
14 verbose parsed url   pathname: 'hiredis',
14 verbose parsed url   path: 'hiredis',
14 verbose parsed url   href: 'hiredis' }
15 verbose cache add [ 'redis', null ]
16 verbose cache add name=undefined spec="redis" args=["redis",null]
17 verbose parsed url { protocol: null,
17 verbose parsed url   slashes: null,
17 verbose parsed url   auth: null,
17 verbose parsed url   host: null,
17 verbose parsed url   port: null,
17 verbose parsed url   hostname: null,
17 verbose parsed url   hash: null,
17 verbose parsed url   search: null,
17 verbose parsed url   query: null,
17 verbose parsed url   pathname: 'redis',
17 verbose parsed url   path: 'redis',
17 verbose parsed url   href: 'redis' }
18 silly lockFile 66e3de35-hiredis hiredis
19 verbose lock hiredis /home/michaelb/.npm/66e3de35-hiredis.lock
20 silly lockFile b840fc02-redis redis
21 verbose lock redis /home/michaelb/.npm/b840fc02-redis.lock
22 silly lockFile b840fc02-redis redis
23 silly lockFile b840fc02-redis redis
24 silly lockFile 66e3de35-hiredis hiredis
25 silly lockFile 66e3de35-hiredis hiredis
26 verbose addNamed [ 'redis', '' ]
27 verbose addNamed [ null, '' ]
28 silly lockFile fb3bbc27-redis redis@
29 verbose lock redis@ /home/michaelb/.npm/fb3bbc27-redis.lock
30 verbose addNamed [ 'hiredis', '' ]
31 verbose addNamed [ null, '' ]
32 silly lockFile dc014615-hiredis hiredis@
33 verbose lock hiredis@ /home/michaelb/.npm/dc014615-hiredis.lock
34 silly addNameRange { name: 'redis', range: '', hasData: false }
35 silly addNameRange { name: 'hiredis', range: '', hasData: false }
36 verbose url raw hiredis
37 verbose url resolving [ 'https://registry.npmjs.org/', './hiredis' ]
38 verbose url resolved https://registry.npmjs.org/hiredis
39 info trying registry request attempt 1 at 11:46:39
40 http GET https://registry.npmjs.org/hiredis
41 verbose url raw redis
42 verbose url resolving [ 'https://registry.npmjs.org/', './redis' ]
43 verbose url resolved https://registry.npmjs.org/redis
44 info trying registry request attempt 1 at 11:46:39
45 verbose etag "7S9B5R99EVLLOIOB1HAZG0165"
46 http GET https://registry.npmjs.org/redis
47 http 304 https://registry.npmjs.org/redis
48 silly registry.get cb [ 304,
48 silly registry.get   { server: 'CouchDB/1.3.0 (Erlang OTP/R15B03)',
48 silly registry.get     etag: '"7S9B5R99EVLLOIOB1HAZG0165"',
48 silly registry.get     date: 'Wed, 03 Jul 2013 01:46:40 GMT',
48 silly registry.get     'content-length': '0' } ]
49 verbose etag redis from cache
50 silly addNameRange number 2 { name: 'redis', range: '', hasData: true }
51 silly addNameRange versions [ 'redis',
51 silly addNameRange   [ '0.0.1',
51 silly addNameRange     '0.0.2',
51 silly addNameRange     '0.0.3',
51 silly addNameRange     '0.0.4',
51 silly addNameRange     '0.0.7',
51 silly addNameRange     '0.0.8',
51 silly addNameRange     '0.1.0',
51 silly addNameRange     '0.1.1',
51 silly addNameRange     '0.1.2',
51 silly addNameRange     '0.2.0',
51 silly addNameRange     '0.2.1',
51 silly addNameRange     '0.2.2',
51 silly addNameRange     '0.2.3',
51 silly addNameRange     '0.2.4',
51 silly addNameRange     '0.2.6',
51 silly addNameRange     '0.3.0',
51 silly addNameRange     '0.3.1',
51 silly addNameRange     '0.3.2',
51 silly addNameRange     '0.3.3',
51 silly addNameRange     '0.3.4',
51 silly addNameRange     '0.3.5',
51 silly addNameRange     '0.3.6',
51 silly addNameRange     '0.3.7',
51 silly addNameRange     '0.3.9',
51 silly addNameRange     '0.4.0',
51 silly addNameRange     '0.4.1',
51 silly addNameRange     '0.4.2',
51 silly addNameRange     '0.5.0',
51 silly addNameRange     '0.5.1',
51 silly addNameRange     '0.5.2',
51 silly addNameRange     '0.5.3',
51 silly addNameRange     '0.5.4',
51 silly addNameRange     '0.5.5',
51 silly addNameRange     '0.5.6',
51 silly addNameRange     '0.5.7',
51 silly addNameRange     '0.5.8',
51 silly addNameRange     '0.5.9',
51 silly addNameRange     '0.5.10',
51 silly addNameRange     '0.5.11',
51 silly addNameRange     '0.6.0',
51 silly addNameRange     '0.6.1',
51 silly addNameRange     '0.6.2',
51 silly addNameRange     '0.6.3',
51 silly addNameRange     '0.6.4',
51 silly addNameRange     '0.6.5',
51 silly addNameRange     '0.6.6',
51 silly addNameRange     '0.6.7',
51 silly addNameRange     '0.7.0',
51 silly addNameRange     '0.7.1',
51 silly addNameRange     '0.7.2',
51 silly addNameRange     '0.7.3',
51 silly addNameRange     '0.8.0',
51 silly addNameRange     '0.8.1',
51 silly addNameRange     '0.8.2',
51 silly addNameRange     '0.8.3',
51 silly addNameRange     '0.8.4' ] ]
52 verbose addNamed [ 'redis', '0.8.4' ]
53 verbose addNamed [ '0.8.4', '0.8.4' ]
54 silly lockFile 8111105f-redis-0-8-4 redis@0.8.4
55 verbose lock redis@0.8.4 /home/michaelb/.npm/8111105f-redis-0-8-4.lock
56 verbose read json /home/michaelb/.npm/redis/0.8.4/package/package.json
57 silly lockFile 8111105f-redis-0-8-4 redis@0.8.4
58 silly lockFile 8111105f-redis-0-8-4 redis@0.8.4
59 silly lockFile fb3bbc27-redis redis@
60 silly lockFile fb3bbc27-redis redis@
61 http 200 https://registry.npmjs.org/hiredis
62 silly registry.get cb [ 200,
62 silly registry.get   { vary: 'Accept',
62 silly registry.get     server: 'CouchDB/1.3.0 (Erlang OTP/R15B03)',
62 silly registry.get     etag: '"DRC2UA07TEAF0KIYXCVMOE72"',
62 silly registry.get     date: 'Wed, 03 Jul 2013 01:46:40 GMT',
62 silly registry.get     'content-type': 'application/json',
62 silly registry.get     'content-length': '14286' } ]
63 silly addNameRange number 2 { name: 'hiredis', range: '', hasData: true }
64 silly addNameRange versions [ 'hiredis',
64 silly addNameRange   [ '0.1.0',
64 silly addNameRange     '0.1.1',
64 silly addNameRange     '0.1.2',
64 silly addNameRange     '0.1.3',
64 silly addNameRange     '0.1.4',
64 silly addNameRange     '0.1.5',
64 silly addNameRange     '0.1.6',
64 silly addNameRange     '0.1.8',
64 silly addNameRange     '0.1.9',
64 silly addNameRange     '0.1.10',
64 silly addNameRange     '0.1.12',
64 silly addNameRange     '0.1.13',
64 silly addNameRange     '0.1.14',
64 silly addNameRange     '0.1.15' ] ]
65 verbose addNamed [ 'hiredis', '0.1.15' ]
66 verbose addNamed [ '0.1.15', '0.1.15' ]
67 silly lockFile 7ce4b3b8-hiredis-0-1-15 hiredis@0.1.15
68 verbose lock hiredis@0.1.15 /home/michaelb/.npm/7ce4b3b8-hiredis-0-1-15.lock
69 silly lockFile c46fd54b-s-org-hiredis-hiredis-0-1-15-tgz https://registry.npmjs.org/hiredis/-/hiredis-0.1.15.tgz
70 verbose lock https://registry.npmjs.org/hiredis/-/hiredis-0.1.15.tgz /home/michaelb/.npm/c46fd54b-s-org-hiredis-hiredis-0-1-15-tgz.lock
71 verbose addRemoteTarball [ 'https://registry.npmjs.org/hiredis/-/hiredis-0.1.15.tgz',
71 verbose addRemoteTarball   '00eb2205c85dcf50de838203e513896dc304dd49' ]
72 silly lockFile c46fd54b-s-org-hiredis-hiredis-0-1-15-tgz https://registry.npmjs.org/hiredis/-/hiredis-0.1.15.tgz
73 silly lockFile c46fd54b-s-org-hiredis-hiredis-0-1-15-tgz https://registry.npmjs.org/hiredis/-/hiredis-0.1.15.tgz
74 silly lockFile 7ce4b3b8-hiredis-0-1-15 hiredis@0.1.15
75 silly lockFile 7ce4b3b8-hiredis-0-1-15 hiredis@0.1.15
76 silly lockFile dc014615-hiredis hiredis@
77 silly lockFile dc014615-hiredis hiredis@
78 error Error: EACCES, mkdir '/home/michaelb/tmp/npm-3881'
78 error  { [Error: EACCES, mkdir '/home/michaelb/tmp/npm-3881'] errno: 3, code: 'EACCES', path: '/home/michaelb/tmp/npm-3881' }
79 error Please try running this command again as root/Administrator.
80 error System Linux 3.8.0-25-generic
81 error command "/usr/local/bin/node" "/usr/local/bin/npm" "install" "hiredis" "redis"
82 error cwd /home/michaelb/dev/node/blogexample/my-project
83 error node -v v0.10.12
84 error npm -v 1.2.32
85 error path /home/michaelb/tmp/npm-3881
86 error code EACCES
87 error errno 3
88 error stack Error: EACCES, mkdir '/home/michaelb/tmp/npm-3881'
89 verbose exit [ 3, true ]
